<?xml version="1.0" encoding="utf-8"?><testsuites name="pytest tests"><testsuite name="pytest" errors="0" failures="1" skipped="0" tests="12" time="1.767" timestamp="2026-04-01T03:27:16.352090+00:00" hostname="agent-env-baa2c392-1464-42a6-b8b3-87f9ba2d4607"><testcase classname="backend.tests.test_dice_roll.TestDiceRollAPI" name="test_basic_dice_roll" time="0.310" /><testcase classname="backend.tests.test_dice_roll.TestDiceRollAPI" name="test_chance_die_roll" time="0.121" /><testcase classname="backend.tests.test_dice_roll.TestDiceRollAPI" name="test_rote_quality_roll" time="0.108" /><testcase classname="backend.tests.test_dice_roll.TestDiceRollAPI" name="test_8_again_roll" time="0.109" /><testcase classname="backend.tests.test_dice_roll.TestDiceRollAPI" name="test_9_again_roll" time="0.134" /><testcase classname="backend.tests.test_dice_roll.TestDiceRollAPI" name="test_paradox_roll_single_die" time="0.144" /><testcase classname="backend.tests.test_dice_roll.TestDiceRollAPI" name="test_large_dice_pool" time="0.102" /><testcase classname="backend.tests.test_dice_roll.TestDiceRollAPI" name="test_invalid_pool_zero" time="0.093" /><testcase classname="backend.tests.test_dice_roll.TestCharactersAPI" name="test_get_characters" time="0.138" /><testcase classname="backend.tests.test_dice_roll.TestCharactersAPI" name="test_get_mage_character" time="0.111" /><testcase classname="backend.tests.test_dice_roll.TestCharactersAPI" name="test_get_sineater_character" time="0.108" /><testcase classname="backend.tests.test_dice_roll.TestHealthEndpoint" name="test_health_check" time="0.100"><failure message="assert 404 == 200&#10; +  where 404 = &lt;Response [404]&gt;.status_code">backend/tests/test_dice_roll.py:225: in test_health_check
    assert response.status_code == 200
E   assert 404 == 200
E    +  where 404 = &lt;Response [404]&gt;.status_code</failure></testcase></testsuite></testsuites>